2026-01-07 17:18:05 [scrapy.utils.log] INFO: Scrapy 2.13.4 started (bot: crawler)
2026-01-07 17:18:05 [scrapy.utils.log] INFO: Versions:
{'lxml': '6.0.2',
 'libxml2': '2.14.6',
 'cssselect': '1.3.0',
 'parsel': '1.10.0',
 'w3lib': '2.3.1',
 'Twisted': '25.5.0',
 'Python': '3.13.5 | packaged by Anaconda, Inc. | (main, Jun 12 2025, '
           '11:23:37) [Clang 14.0.6 ]',
 'pyOpenSSL': '25.3.0 (OpenSSL 3.5.4 30 Sep 2025)',
 'cryptography': '46.0.3',
 'Platform': 'macOS-15.6.1-arm64-arm-64bit-Mach-O'}
2026-01-07 17:18:05 [scrapy.addons] INFO: Enabled addons:
[]
2026-01-07 17:18:05 [scrapy.extensions.telnet] INFO: Telnet Password: 989e6e48acf82175
2026-01-07 17:18:05 [scrapy.middleware] INFO: Enabled extensions:
['scrapy.extensions.corestats.CoreStats',
 'scrapy.extensions.telnet.TelnetConsole',
 'scrapy.extensions.memusage.MemoryUsage',
 'scrapy.extensions.logstats.LogStats']
2026-01-07 17:18:05 [scrapy.crawler] INFO: Overridden settings:
{'BOT_NAME': 'crawler',
 'FEED_EXPORT_ENCODING': 'utf-8',
 'LOG_FILE': 'logs/ufc_scrape_2026-01-07_17-18-05.log',
 'LOG_LEVEL': 'INFO',
 'NEWSPIDER_MODULE': 'crawler.spiders',
 'ROBOTSTXT_OBEY': True,
 'SPIDER_MODULES': ['crawler.spiders']}
2026-01-07 17:18:05 [scrapy.middleware] INFO: Enabled downloader middlewares:
['scrapy.downloadermiddlewares.offsite.OffsiteMiddleware',
 'scrapy.downloadermiddlewares.robotstxt.RobotsTxtMiddleware',
 'scrapy.downloadermiddlewares.httpauth.HttpAuthMiddleware',
 'scrapy.downloadermiddlewares.downloadtimeout.DownloadTimeoutMiddleware',
 'scrapy.downloadermiddlewares.defaultheaders.DefaultHeadersMiddleware',
 'scrapy.downloadermiddlewares.useragent.UserAgentMiddleware',
 'scrapy.downloadermiddlewares.retry.RetryMiddleware',
 'scrapy.downloadermiddlewares.redirect.MetaRefreshMiddleware',
 'scrapy.downloadermiddlewares.httpcompression.HttpCompressionMiddleware',
 'scrapy.downloadermiddlewares.redirect.RedirectMiddleware',
 'scrapy.downloadermiddlewares.cookies.CookiesMiddleware',
 'scrapy.downloadermiddlewares.httpproxy.HttpProxyMiddleware',
 'scrapy.downloadermiddlewares.stats.DownloaderStats']
2026-01-07 17:18:05 [scrapy.middleware] INFO: Enabled spider middlewares:
['scrapy.spidermiddlewares.start.StartSpiderMiddleware',
 'scrapy.spidermiddlewares.httperror.HttpErrorMiddleware',
 'scrapy.spidermiddlewares.referer.RefererMiddleware',
 'scrapy.spidermiddlewares.urllength.UrlLengthMiddleware',
 'scrapy.spidermiddlewares.depth.DepthMiddleware']
2026-01-07 17:18:05 [scrapy.middleware] INFO: Enabled item pipelines:
['crawler.pipelines.FightIdentityPipeline',
 'crawler.pipelines.FightTimePipeline',
 'crawler.pipelines.FightResultsPipeline',
 'crawler.pipelines.FighterPipeline',
 'crawler.pipelines.DateFormattingPipeline',
 'crawler.pipelines.FighterFightConvertPipeline',
 'crawler.pipelines.ValidationPipeline',
 'crawler.pipelines.EventLoggingPipeline',
 'crawler.pipelines.FFCleanStatsPipeline',
 'crawler.pipelines.FFLoggingPipeline',
 'crawler.pipelines.PostgresPipeline']
2026-01-07 17:18:05 [scrapy.core.engine] INFO: Spider opened
2026-01-07 17:18:06 [py.warnings] WARNING: /Users/erickim/Desktop/ufc/venv/lib/python3.13/site-packages/scrapy/core/spidermw.py:433: ScrapyDeprecationWarning: crawler.spiders.fighter_spider.UfcSpider defines the deprecated start_requests() method. start_requests() has been deprecated in favor of a new method, start(), to support asynchronous code execution. start_requests() will stop being called in a future version of Scrapy. If you use Scrapy 2.13 or higher only, replace start_requests() with start(); note that start() is a coroutine (async def). If you need to maintain compatibility with lower Scrapy versions, when overriding start_requests() in a spider class, override start() as well; you can use super() to reuse the inherited start() implementation without copy-pasting. See the release notes of Scrapy 2.13 for details: https://docs.scrapy.org/en/2.13/news.html
  warn(

2026-01-07 17:18:06 [scrapy.extensions.logstats] INFO: Crawled 0 pages (at 0 pages/min), scraped 0 items (at 0 items/min)
2026-01-07 17:18:06 [scrapy.extensions.telnet] INFO: Telnet console listening on 127.0.0.1:6023
2026-01-07 17:18:06 [ufc] ERROR: Error parsing row: 'UfcSpider' object has no attribute 'seen_events'
2026-01-07 17:18:06 [ufc] ERROR: Error parsing row: 'UfcSpider' object has no attribute 'seen_events'
2026-01-07 17:18:06 [ufc] ERROR: Error parsing row: 'UfcSpider' object has no attribute 'seen_events'
2026-01-07 17:18:06 [ufc] ERROR: Error parsing row: 'UfcSpider' object has no attribute 'seen_events'
2026-01-07 17:18:06 [ufc] ERROR: Error parsing row: 'UfcSpider' object has no attribute 'seen_events'
2026-01-07 17:18:06 [ufc] ERROR: Error parsing row: 'UfcSpider' object has no attribute 'seen_events'
2026-01-07 17:18:06 [ufc] ERROR: Error parsing row: 'UfcSpider' object has no attribute 'seen_events'
2026-01-07 17:18:06 [ufc] ERROR: Error parsing row: 'UfcSpider' object has no attribute 'seen_events'
2026-01-07 17:18:06 [ufc] ERROR: Error parsing row: 'UfcSpider' object has no attribute 'seen_events'
2026-01-07 17:18:06 [ufc] ERROR: Error parsing row: 'UfcSpider' object has no attribute 'seen_events'
2026-01-07 17:18:06 [ufc] ERROR: Error parsing row: 'UfcSpider' object has no attribute 'seen_events'
2026-01-07 17:18:06 [ufc] ERROR: Error parsing row: 'UfcSpider' object has no attribute 'seen_events'
2026-01-07 17:18:06 [ufc] ERROR: Error parsing row: 'UfcSpider' object has no attribute 'seen_events'
2026-01-07 17:18:06 [ufc] ERROR: Error parsing row: 'UfcSpider' object has no attribute 'seen_events'
2026-01-07 17:18:06 [ufc] ERROR: Error parsing row: 'UfcSpider' object has no attribute 'seen_events'
2026-01-07 17:18:06 [ufc] ERROR: Error parsing row: 'UfcSpider' object has no attribute 'seen_events'
2026-01-07 17:18:06 [ufc] ERROR: Error parsing row: 'UfcSpider' object has no attribute 'seen_events'
2026-01-07 17:18:06 [ufc] ERROR: Error parsing row: 'UfcSpider' object has no attribute 'seen_events'
2026-01-07 17:18:06 [ufc] ERROR: Error parsing row: 'UfcSpider' object has no attribute 'seen_events'
2026-01-07 17:18:06 [ufc] ERROR: Error parsing row: 'UfcSpider' object has no attribute 'seen_events'
2026-01-07 17:18:06 [ufc] ERROR: Error parsing row: 'UfcSpider' object has no attribute 'seen_events'
2026-01-07 17:18:06 [ufc] ERROR: Error parsing row: 'UfcSpider' object has no attribute 'seen_events'
2026-01-07 17:18:06 [ufc] ERROR: Error parsing row: 'UfcSpider' object has no attribute 'seen_events'
2026-01-07 17:18:06 [ufc] ERROR: Error parsing row: 'UfcSpider' object has no attribute 'seen_events'
2026-01-07 17:18:06 [ufc] ERROR: Error parsing row: 'UfcSpider' object has no attribute 'seen_events'
2026-01-07 17:18:06 [ufc] ERROR: Error parsing row: 'UfcSpider' object has no attribute 'seen_events'
2026-01-07 17:18:06 [ufc] ERROR: Error parsing row: 'UfcSpider' object has no attribute 'seen_events'
2026-01-07 17:18:06 [ufc] ERROR: Error parsing row: 'UfcSpider' object has no attribute 'seen_events'
2026-01-07 17:18:06 [ufc] ERROR: Error parsing row: 'UfcSpider' object has no attribute 'seen_events'
2026-01-07 17:18:06 [ufc] ERROR: Error parsing row: 'UfcSpider' object has no attribute 'seen_events'
2026-01-07 17:18:06 [ufc] ERROR: Error parsing row: 'UfcSpider' object has no attribute 'seen_events'
2026-01-07 17:18:06 [ufc] ERROR: Error parsing row: 'UfcSpider' object has no attribute 'seen_events'
2026-01-07 17:18:06 [ufc] ERROR: Error parsing row: 'UfcSpider' object has no attribute 'seen_events'
2026-01-07 17:18:06 [ufc] ERROR: Error parsing row: 'UfcSpider' object has no attribute 'seen_events'
2026-01-07 17:18:06 [ufc] ERROR: Error parsing row: 'UfcSpider' object has no attribute 'seen_events'
2026-01-07 17:18:06 [ufc] ERROR: Error parsing row: 'UfcSpider' object has no attribute 'seen_events'
2026-01-07 17:18:06 [ufc] ERROR: Error parsing row: 'UfcSpider' object has no attribute 'seen_events'
2026-01-07 17:18:06 [ufc] ERROR: Error parsing row: 'UfcSpider' object has no attribute 'seen_events'
2026-01-07 17:18:06 [ufc] ERROR: Error parsing row: 'UfcSpider' object has no attribute 'seen_events'
2026-01-07 17:18:06 [ufc] ERROR: Error parsing row: 'UfcSpider' object has no attribute 'seen_events'
2026-01-07 17:18:06 [ufc] ERROR: Error parsing row: 'UfcSpider' object has no attribute 'seen_events'
2026-01-07 17:18:06 [ufc] ERROR: Error parsing row: 'UfcSpider' object has no attribute 'seen_events'
2026-01-07 17:18:06 [ufc] ERROR: Error parsing row: 'UfcSpider' object has no attribute 'seen_events'
2026-01-07 17:18:06 [ufc] ERROR: Error parsing row: 'UfcSpider' object has no attribute 'seen_events'
2026-01-07 17:18:06 [ufc] ERROR: Error parsing row: 'UfcSpider' object has no attribute 'seen_events'
2026-01-07 17:18:06 [ufc] ERROR: Error parsing row: 'UfcSpider' object has no attribute 'seen_events'
2026-01-07 17:18:06 [ufc] ERROR: Error parsing row: 'UfcSpider' object has no attribute 'seen_events'
2026-01-07 17:18:06 [ufc] ERROR: Error parsing row: 'UfcSpider' object has no attribute 'seen_events'
2026-01-07 17:18:06 [ufc] ERROR: Error parsing row: 'UfcSpider' object has no attribute 'seen_events'
2026-01-07 17:18:06 [ufc] ERROR: Error parsing row: 'UfcSpider' object has no attribute 'seen_events'
2026-01-07 17:18:06 [ufc] ERROR: Error parsing row: 'UfcSpider' object has no attribute 'seen_events'
2026-01-07 17:18:06 [ufc] ERROR: Error parsing row: 'UfcSpider' object has no attribute 'seen_events'
2026-01-07 17:18:06 [ufc] ERROR: Error parsing row: 'UfcSpider' object has no attribute 'seen_events'
2026-01-07 17:18:06 [ufc] ERROR: Error parsing row: 'UfcSpider' object has no attribute 'seen_events'
2026-01-07 17:18:06 [ufc] ERROR: Error parsing row: 'UfcSpider' object has no attribute 'seen_events'
2026-01-07 17:18:06 [ufc] ERROR: Error parsing row: 'UfcSpider' object has no attribute 'seen_events'
2026-01-07 17:18:06 [ufc] ERROR: Error parsing row: 'UfcSpider' object has no attribute 'seen_events'
2026-01-07 17:18:06 [ufc] ERROR: Error parsing row: 'UfcSpider' object has no attribute 'seen_events'
2026-01-07 17:18:06 [ufc] ERROR: Error parsing row: 'UfcSpider' object has no attribute 'seen_events'
2026-01-07 17:18:06 [ufc] ERROR: Error parsing row: 'UfcSpider' object has no attribute 'seen_events'
2026-01-07 17:18:06 [ufc] ERROR: Error parsing row: 'UfcSpider' object has no attribute 'seen_events'
2026-01-07 17:18:06 [ufc] ERROR: Error parsing row: 'UfcSpider' object has no attribute 'seen_events'
2026-01-07 17:18:06 [ufc] ERROR: Error parsing row: 'UfcSpider' object has no attribute 'seen_events'
2026-01-07 17:18:06 [ufc] ERROR: Error parsing row: 'UfcSpider' object has no attribute 'seen_events'
2026-01-07 17:18:06 [ufc] ERROR: Error parsing row: 'UfcSpider' object has no attribute 'seen_events'
2026-01-07 17:18:06 [ufc] ERROR: Error parsing row: 'UfcSpider' object has no attribute 'seen_events'
2026-01-07 17:18:06 [ufc] ERROR: Error parsing row: 'UfcSpider' object has no attribute 'seen_events'
2026-01-07 17:18:06 [ufc] ERROR: Error parsing row: 'UfcSpider' object has no attribute 'seen_events'
2026-01-07 17:18:06 [ufc] ERROR: Error parsing row: 'UfcSpider' object has no attribute 'seen_events'
2026-01-07 17:18:06 [ufc] ERROR: Error parsing row: 'UfcSpider' object has no attribute 'seen_events'
2026-01-07 17:18:06 [ufc] ERROR: Error parsing row: 'UfcSpider' object has no attribute 'seen_events'
2026-01-07 17:18:06 [ufc] ERROR: Error parsing row: 'UfcSpider' object has no attribute 'seen_events'
2026-01-07 17:18:06 [ufc] ERROR: Error parsing row: 'UfcSpider' object has no attribute 'seen_events'
2026-01-07 17:18:06 [ufc] ERROR: Error parsing row: 'UfcSpider' object has no attribute 'seen_events'
2026-01-07 17:18:06 [ufc] ERROR: Error parsing row: 'UfcSpider' object has no attribute 'seen_events'
2026-01-07 17:18:06 [ufc] ERROR: Error parsing row: 'UfcSpider' object has no attribute 'seen_events'
2026-01-07 17:18:06 [ufc] ERROR: Error parsing row: 'UfcSpider' object has no attribute 'seen_events'
2026-01-07 17:18:06 [ufc] ERROR: Error parsing row: 'UfcSpider' object has no attribute 'seen_events'
2026-01-07 17:18:06 [ufc] ERROR: Error parsing row: 'UfcSpider' object has no attribute 'seen_events'
2026-01-07 17:18:06 [ufc] ERROR: Error parsing row: 'UfcSpider' object has no attribute 'seen_events'
2026-01-07 17:18:06 [ufc] ERROR: Error parsing row: 'UfcSpider' object has no attribute 'seen_events'
2026-01-07 17:18:06 [ufc] ERROR: Error parsing row: 'UfcSpider' object has no attribute 'seen_events'
2026-01-07 17:18:06 [ufc] ERROR: Error parsing row: 'UfcSpider' object has no attribute 'seen_events'
2026-01-07 17:18:06 [ufc] ERROR: Error parsing row: 'UfcSpider' object has no attribute 'seen_events'
2026-01-07 17:18:06 [ufc] ERROR: Error parsing row: 'UfcSpider' object has no attribute 'seen_events'
2026-01-07 17:18:06 [ufc] ERROR: Error parsing row: 'UfcSpider' object has no attribute 'seen_events'
2026-01-07 17:18:06 [ufc] ERROR: Error parsing row: 'UfcSpider' object has no attribute 'seen_events'
2026-01-07 17:18:06 [ufc] ERROR: Error parsing row: 'UfcSpider' object has no attribute 'seen_events'
2026-01-07 17:18:06 [ufc] ERROR: Error parsing row: 'UfcSpider' object has no attribute 'seen_events'
2026-01-07 17:18:06 [ufc] ERROR: Error parsing row: 'UfcSpider' object has no attribute 'seen_events'
2026-01-07 17:18:06 [ufc] ERROR: Error parsing row: 'UfcSpider' object has no attribute 'seen_events'
2026-01-07 17:18:06 [ufc] ERROR: Error parsing row: 'UfcSpider' object has no attribute 'seen_events'
2026-01-07 17:18:06 [ufc] ERROR: Error parsing row: 'UfcSpider' object has no attribute 'seen_events'
2026-01-07 17:18:06 [ufc] ERROR: Error parsing row: 'UfcSpider' object has no attribute 'seen_events'
2026-01-07 17:18:06 [ufc] ERROR: Error parsing row: 'UfcSpider' object has no attribute 'seen_events'
2026-01-07 17:18:06 [ufc] ERROR: Error parsing row: 'UfcSpider' object has no attribute 'seen_events'
2026-01-07 17:18:06 [ufc] ERROR: Error parsing row: 'UfcSpider' object has no attribute 'seen_events'
2026-01-07 17:18:06 [ufc] ERROR: Error parsing row: 'UfcSpider' object has no attribute 'seen_events'
2026-01-07 17:18:06 [ufc] ERROR: Error parsing row: 'UfcSpider' object has no attribute 'seen_events'
2026-01-07 17:18:06 [ufc] ERROR: Error parsing row: 'UfcSpider' object has no attribute 'seen_events'
2026-01-07 17:18:06 [ufc] ERROR: Error parsing row: 'UfcSpider' object has no attribute 'seen_events'
2026-01-07 17:18:06 [ufc] ERROR: Error parsing row: 'UfcSpider' object has no attribute 'seen_events'
2026-01-07 17:18:06 [ufc] ERROR: Error parsing row: 'UfcSpider' object has no attribute 'seen_events'
2026-01-07 17:18:06 [ufc] ERROR: Error parsing row: 'UfcSpider' object has no attribute 'seen_events'
2026-01-07 17:18:06 [ufc] ERROR: Error parsing row: 'UfcSpider' object has no attribute 'seen_events'
2026-01-07 17:18:06 [ufc] ERROR: Error parsing row: 'UfcSpider' object has no attribute 'seen_events'
2026-01-07 17:18:06 [ufc] ERROR: Error parsing row: 'UfcSpider' object has no attribute 'seen_events'
2026-01-07 17:18:06 [ufc] ERROR: Error parsing row: 'UfcSpider' object has no attribute 'seen_events'
2026-01-07 17:18:06 [ufc] ERROR: Error parsing row: 'UfcSpider' object has no attribute 'seen_events'
2026-01-07 17:18:06 [ufc] ERROR: Error parsing row: 'UfcSpider' object has no attribute 'seen_events'
2026-01-07 17:18:06 [ufc] ERROR: Error parsing row: 'UfcSpider' object has no attribute 'seen_events'
2026-01-07 17:18:06 [ufc] ERROR: Error parsing row: 'UfcSpider' object has no attribute 'seen_events'
2026-01-07 17:18:06 [ufc] ERROR: Error parsing row: 'UfcSpider' object has no attribute 'seen_events'
2026-01-07 17:18:06 [ufc] ERROR: Error parsing row: 'UfcSpider' object has no attribute 'seen_events'
2026-01-07 17:18:06 [ufc] ERROR: Error parsing row: 'UfcSpider' object has no attribute 'seen_events'
2026-01-07 17:18:06 [ufc] ERROR: Error parsing row: 'UfcSpider' object has no attribute 'seen_events'
2026-01-07 17:18:06 [ufc] ERROR: Error parsing row: 'UfcSpider' object has no attribute 'seen_events'
2026-01-07 17:18:06 [ufc] ERROR: Error parsing row: 'UfcSpider' object has no attribute 'seen_events'
2026-01-07 17:18:06 [ufc] ERROR: Error parsing row: 'UfcSpider' object has no attribute 'seen_events'
2026-01-07 17:18:06 [ufc] ERROR: Error parsing row: 'UfcSpider' object has no attribute 'seen_events'
2026-01-07 17:18:06 [ufc] ERROR: Error parsing row: 'UfcSpider' object has no attribute 'seen_events'
2026-01-07 17:18:06 [ufc] ERROR: Error parsing row: 'UfcSpider' object has no attribute 'seen_events'
2026-01-07 17:18:06 [ufc] ERROR: Error parsing row: 'UfcSpider' object has no attribute 'seen_events'
2026-01-07 17:18:06 [ufc] ERROR: Error parsing row: 'UfcSpider' object has no attribute 'seen_events'
2026-01-07 17:18:06 [ufc] ERROR: Error parsing row: 'UfcSpider' object has no attribute 'seen_events'
2026-01-07 17:18:06 [ufc] ERROR: Error parsing row: 'UfcSpider' object has no attribute 'seen_events'
2026-01-07 17:18:06 [ufc] ERROR: Error parsing row: 'UfcSpider' object has no attribute 'seen_events'
2026-01-07 17:18:06 [ufc] ERROR: Error parsing row: 'UfcSpider' object has no attribute 'seen_events'
2026-01-07 17:18:06 [ufc] ERROR: Error parsing row: 'UfcSpider' object has no attribute 'seen_events'
2026-01-07 17:18:06 [ufc] ERROR: Error parsing row: 'UfcSpider' object has no attribute 'seen_events'
2026-01-07 17:18:06 [ufc] ERROR: Error parsing row: 'UfcSpider' object has no attribute 'seen_events'
2026-01-07 17:18:06 [ufc] ERROR: Error parsing row: 'UfcSpider' object has no attribute 'seen_events'
2026-01-07 17:18:06 [ufc] ERROR: Error parsing row: 'UfcSpider' object has no attribute 'seen_events'
2026-01-07 17:18:06 [ufc] ERROR: Error parsing row: 'UfcSpider' object has no attribute 'seen_events'
2026-01-07 17:18:06 [ufc] ERROR: Error parsing row: 'UfcSpider' object has no attribute 'seen_events'
2026-01-07 17:18:06 [ufc] ERROR: Error parsing row: 'UfcSpider' object has no attribute 'seen_events'
2026-01-07 17:18:06 [ufc] ERROR: Error parsing row: 'UfcSpider' object has no attribute 'seen_events'
2026-01-07 17:18:06 [ufc] ERROR: Error parsing row: 'UfcSpider' object has no attribute 'seen_events'
2026-01-07 17:18:06 [ufc] ERROR: Error parsing row: 'UfcSpider' object has no attribute 'seen_events'
2026-01-07 17:18:06 [ufc] ERROR: Error parsing row: 'UfcSpider' object has no attribute 'seen_events'
2026-01-07 17:18:06 [ufc] ERROR: Error parsing row: 'UfcSpider' object has no attribute 'seen_events'
2026-01-07 17:18:06 [ufc] ERROR: Error parsing row: 'UfcSpider' object has no attribute 'seen_events'
2026-01-07 17:18:06 [ufc] ERROR: Error parsing row: 'UfcSpider' object has no attribute 'seen_events'
2026-01-07 17:18:06 [ufc] ERROR: Error parsing row: 'UfcSpider' object has no attribute 'seen_events'
2026-01-07 17:18:06 [ufc] ERROR: Error parsing row: 'UfcSpider' object has no attribute 'seen_events'
2026-01-07 17:18:06 [ufc] ERROR: Error parsing row: 'UfcSpider' object has no attribute 'seen_events'
2026-01-07 17:18:06 [ufc] ERROR: Error parsing row: 'UfcSpider' object has no attribute 'seen_events'
2026-01-07 17:18:06 [ufc] ERROR: Error parsing row: 'UfcSpider' object has no attribute 'seen_events'
2026-01-07 17:18:06 [ufc] ERROR: Error parsing row: 'UfcSpider' object has no attribute 'seen_events'
2026-01-07 17:18:06 [ufc] ERROR: Error parsing row: 'UfcSpider' object has no attribute 'seen_events'
2026-01-07 17:18:06 [ufc] ERROR: Error parsing row: 'UfcSpider' object has no attribute 'seen_events'
2026-01-07 17:18:06 [ufc] ERROR: Error parsing row: 'UfcSpider' object has no attribute 'seen_events'
2026-01-07 17:18:06 [ufc] ERROR: Error parsing row: 'UfcSpider' object has no attribute 'seen_events'
2026-01-07 17:18:06 [ufc] ERROR: Error parsing row: 'UfcSpider' object has no attribute 'seen_events'
2026-01-07 17:18:06 [ufc] ERROR: Error parsing row: 'UfcSpider' object has no attribute 'seen_events'
2026-01-07 17:18:06 [ufc] ERROR: Error parsing row: 'UfcSpider' object has no attribute 'seen_events'
2026-01-07 17:18:06 [ufc] ERROR: Error parsing row: 'UfcSpider' object has no attribute 'seen_events'
2026-01-07 17:18:06 [ufc] ERROR: Error parsing row: 'UfcSpider' object has no attribute 'seen_events'
2026-01-07 17:18:06 [ufc] ERROR: Error parsing row: 'UfcSpider' object has no attribute 'seen_events'
2026-01-07 17:18:06 [ufc] ERROR: Error parsing row: 'UfcSpider' object has no attribute 'seen_events'
2026-01-07 17:18:06 [ufc] ERROR: Error parsing row: 'UfcSpider' object has no attribute 'seen_events'
2026-01-07 17:18:06 [ufc] ERROR: Error parsing row: 'UfcSpider' object has no attribute 'seen_events'
2026-01-07 17:18:06 [ufc] ERROR: Error parsing row: 'UfcSpider' object has no attribute 'seen_events'
2026-01-07 17:18:06 [ufc] ERROR: Error parsing row: 'UfcSpider' object has no attribute 'seen_events'
2026-01-07 17:18:06 [ufc] ERROR: Error parsing row: 'UfcSpider' object has no attribute 'seen_events'
2026-01-07 17:18:06 [ufc] ERROR: Error parsing row: 'UfcSpider' object has no attribute 'seen_events'
2026-01-07 17:18:06 [ufc] ERROR: Error parsing row: 'UfcSpider' object has no attribute 'seen_events'
2026-01-07 17:18:06 [ufc] ERROR: Error parsing row: 'UfcSpider' object has no attribute 'seen_events'
2026-01-07 17:18:06 [ufc] ERROR: Error parsing row: 'UfcSpider' object has no attribute 'seen_events'
2026-01-07 17:18:06 [ufc] ERROR: Error parsing row: 'UfcSpider' object has no attribute 'seen_events'
2026-01-07 17:18:06 [ufc] ERROR: Error parsing row: 'UfcSpider' object has no attribute 'seen_events'
2026-01-07 17:18:06 [ufc] ERROR: Error parsing row: 'UfcSpider' object has no attribute 'seen_events'
2026-01-07 17:18:06 [ufc] ERROR: Error parsing row: 'UfcSpider' object has no attribute 'seen_events'
2026-01-07 17:18:06 [ufc] ERROR: Error parsing row: 'UfcSpider' object has no attribute 'seen_events'
2026-01-07 17:18:06 [ufc] ERROR: Error parsing row: 'UfcSpider' object has no attribute 'seen_events'
2026-01-07 17:18:06 [ufc] ERROR: Error parsing row: 'UfcSpider' object has no attribute 'seen_events'
2026-01-07 17:18:06 [ufc] ERROR: Error parsing row: 'UfcSpider' object has no attribute 'seen_events'
2026-01-07 17:18:06 [ufc] ERROR: Error parsing row: 'UfcSpider' object has no attribute 'seen_events'
2026-01-07 17:18:06 [ufc] ERROR: Error parsing row: 'UfcSpider' object has no attribute 'seen_events'
2026-01-07 17:18:06 [ufc] ERROR: Error parsing row: 'UfcSpider' object has no attribute 'seen_events'
2026-01-07 17:18:06 [ufc] ERROR: Error parsing row: 'UfcSpider' object has no attribute 'seen_events'
2026-01-07 17:18:06 [ufc] ERROR: Error parsing row: 'UfcSpider' object has no attribute 'seen_events'
2026-01-07 17:18:06 [ufc] ERROR: Error parsing row: 'UfcSpider' object has no attribute 'seen_events'
2026-01-07 17:18:06 [ufc] ERROR: Error parsing row: 'UfcSpider' object has no attribute 'seen_events'
2026-01-07 17:18:06 [ufc] ERROR: Error parsing row: 'UfcSpider' object has no attribute 'seen_events'
2026-01-07 17:18:06 [ufc] ERROR: Error parsing row: 'UfcSpider' object has no attribute 'seen_events'
2026-01-07 17:18:06 [ufc] ERROR: Error parsing row: 'UfcSpider' object has no attribute 'seen_events'
2026-01-07 17:18:06 [ufc] ERROR: Error parsing row: 'UfcSpider' object has no attribute 'seen_events'
2026-01-07 17:18:06 [ufc] ERROR: Error parsing row: 'UfcSpider' object has no attribute 'seen_events'
2026-01-07 17:18:06 [ufc] ERROR: Error parsing row: 'UfcSpider' object has no attribute 'seen_events'
2026-01-07 17:18:06 [ufc] ERROR: Error parsing row: 'UfcSpider' object has no attribute 'seen_events'
2026-01-07 17:18:06 [ufc] ERROR: Error parsing row: 'UfcSpider' object has no attribute 'seen_events'
2026-01-07 17:18:06 [ufc] ERROR: Error parsing row: 'UfcSpider' object has no attribute 'seen_events'
2026-01-07 17:18:06 [ufc] ERROR: Error parsing row: 'UfcSpider' object has no attribute 'seen_events'
2026-01-07 17:18:06 [ufc] ERROR: Error parsing row: 'UfcSpider' object has no attribute 'seen_events'
2026-01-07 17:18:06 [ufc] ERROR: Error parsing row: 'UfcSpider' object has no attribute 'seen_events'
2026-01-07 17:18:06 [ufc] ERROR: Error parsing row: 'UfcSpider' object has no attribute 'seen_events'
2026-01-07 17:18:06 [ufc] ERROR: Error parsing row: 'UfcSpider' object has no attribute 'seen_events'
2026-01-07 17:18:06 [ufc] ERROR: Error parsing row: 'UfcSpider' object has no attribute 'seen_events'
2026-01-07 17:18:06 [ufc] ERROR: Error parsing row: 'UfcSpider' object has no attribute 'seen_events'
2026-01-07 17:18:06 [ufc] ERROR: Error parsing row: 'UfcSpider' object has no attribute 'seen_events'
2026-01-07 17:18:06 [ufc] ERROR: Error parsing row: 'UfcSpider' object has no attribute 'seen_events'
2026-01-07 17:18:06 [ufc] ERROR: Error parsing row: 'UfcSpider' object has no attribute 'seen_events'
2026-01-07 17:18:06 [ufc] ERROR: Error parsing row: 'UfcSpider' object has no attribute 'seen_events'
2026-01-07 17:18:06 [ufc] ERROR: Error parsing row: 'UfcSpider' object has no attribute 'seen_events'
2026-01-07 17:18:06 [ufc] ERROR: Error parsing row: 'UfcSpider' object has no attribute 'seen_events'
2026-01-07 17:18:06 [ufc] ERROR: Error parsing row: 'UfcSpider' object has no attribute 'seen_events'
2026-01-07 17:18:06 [ufc] ERROR: Error parsing row: 'UfcSpider' object has no attribute 'seen_events'
2026-01-07 17:18:06 [ufc] ERROR: Error parsing row: 'UfcSpider' object has no attribute 'seen_events'
2026-01-07 17:18:06 [ufc] ERROR: Error parsing row: 'UfcSpider' object has no attribute 'seen_events'
2026-01-07 17:18:06 [ufc] ERROR: Error parsing row: 'UfcSpider' object has no attribute 'seen_events'
2026-01-07 17:18:06 [ufc] ERROR: Error parsing row: 'UfcSpider' object has no attribute 'seen_events'
2026-01-07 17:18:06 [ufc] ERROR: Error parsing row: 'UfcSpider' object has no attribute 'seen_events'
2026-01-07 17:18:06 [ufc] ERROR: Error parsing row: 'UfcSpider' object has no attribute 'seen_events'
2026-01-07 17:18:06 [ufc] ERROR: Error parsing row: 'UfcSpider' object has no attribute 'seen_events'
2026-01-07 17:18:06 [ufc] ERROR: Error parsing row: 'UfcSpider' object has no attribute 'seen_events'
2026-01-07 17:18:06 [ufc] ERROR: Error parsing row: 'UfcSpider' object has no attribute 'seen_events'
2026-01-07 17:18:06 [ufc] ERROR: Error parsing row: 'UfcSpider' object has no attribute 'seen_events'
2026-01-07 17:18:06 [ufc] ERROR: Error parsing row: 'UfcSpider' object has no attribute 'seen_events'
2026-01-07 17:18:06 [ufc] ERROR: Error parsing row: 'UfcSpider' object has no attribute 'seen_events'
2026-01-07 17:18:06 [ufc] ERROR: Error parsing row: 'UfcSpider' object has no attribute 'seen_events'
2026-01-07 17:18:06 [ufc] ERROR: Error parsing row: 'UfcSpider' object has no attribute 'seen_events'
2026-01-07 17:18:06 [ufc] ERROR: Error parsing row: 'UfcSpider' object has no attribute 'seen_events'
2026-01-07 17:18:06 [ufc] ERROR: Error parsing row: 'UfcSpider' object has no attribute 'seen_events'
2026-01-07 17:18:06 [ufc] ERROR: Error parsing row: 'UfcSpider' object has no attribute 'seen_events'
2026-01-07 17:18:06 [ufc] ERROR: Error parsing row: 'UfcSpider' object has no attribute 'seen_events'
2026-01-07 17:18:06 [ufc] ERROR: Error parsing row: 'UfcSpider' object has no attribute 'seen_events'
2026-01-07 17:18:06 [ufc] ERROR: Error parsing row: 'UfcSpider' object has no attribute 'seen_events'
2026-01-07 17:18:06 [ufc] ERROR: Error parsing row: 'UfcSpider' object has no attribute 'seen_events'
2026-01-07 17:18:06 [ufc] ERROR: Error parsing row: 'UfcSpider' object has no attribute 'seen_events'
2026-01-07 17:18:06 [ufc] ERROR: Error parsing row: 'UfcSpider' object has no attribute 'seen_events'
2026-01-07 17:18:06 [ufc] ERROR: Error parsing row: 'UfcSpider' object has no attribute 'seen_events'
2026-01-07 17:18:06 [ufc] ERROR: Error parsing row: 'UfcSpider' object has no attribute 'seen_events'
2026-01-07 17:18:06 [ufc] ERROR: Error parsing row: 'UfcSpider' object has no attribute 'seen_events'
2026-01-07 17:18:06 [ufc] ERROR: Error parsing row: 'UfcSpider' object has no attribute 'seen_events'
2026-01-07 17:18:06 [ufc] ERROR: Error parsing row: 'UfcSpider' object has no attribute 'seen_events'
2026-01-07 17:18:06 [ufc] ERROR: Error parsing row: 'UfcSpider' object has no attribute 'seen_events'
2026-01-07 17:18:06 [ufc] ERROR: Error parsing row: 'UfcSpider' object has no attribute 'seen_events'
2026-01-07 17:18:06 [ufc] ERROR: Error parsing row: 'UfcSpider' object has no attribute 'seen_events'
2026-01-07 17:18:06 [ufc] ERROR: Error parsing row: 'UfcSpider' object has no attribute 'seen_events'
2026-01-07 17:18:06 [ufc] ERROR: Error parsing row: 'UfcSpider' object has no attribute 'seen_events'
2026-01-07 17:18:06 [ufc] ERROR: Error parsing row: 'UfcSpider' object has no attribute 'seen_events'
2026-01-07 17:18:06 [ufc] ERROR: Error parsing row: 'UfcSpider' object has no attribute 'seen_events'
2026-01-07 17:18:06 [ufc] ERROR: Error parsing row: 'UfcSpider' object has no attribute 'seen_events'
2026-01-07 17:18:06 [ufc] ERROR: Error parsing row: 'UfcSpider' object has no attribute 'seen_events'
2026-01-07 17:18:06 [ufc] ERROR: Error parsing row: 'UfcSpider' object has no attribute 'seen_events'
2026-01-07 17:18:06 [ufc] ERROR: Error parsing row: 'UfcSpider' object has no attribute 'seen_events'
2026-01-07 17:18:06 [ufc] ERROR: Error parsing row: 'UfcSpider' object has no attribute 'seen_events'
2026-01-07 17:18:06 [ufc] ERROR: Error parsing row: 'UfcSpider' object has no attribute 'seen_events'
2026-01-07 17:18:06 [ufc] ERROR: Error parsing row: 'UfcSpider' object has no attribute 'seen_events'
2026-01-07 17:18:06 [ufc] ERROR: Error parsing row: 'UfcSpider' object has no attribute 'seen_events'
2026-01-07 17:18:06 [ufc] ERROR: Error parsing row: 'UfcSpider' object has no attribute 'seen_events'
2026-01-07 17:18:06 [ufc] ERROR: Error parsing row: 'UfcSpider' object has no attribute 'seen_events'
2026-01-07 17:18:06 [ufc] ERROR: Error parsing row: 'UfcSpider' object has no attribute 'seen_events'
2026-01-07 17:18:06 [ufc] ERROR: Error parsing row: 'UfcSpider' object has no attribute 'seen_events'
2026-01-07 17:18:06 [ufc] ERROR: Error parsing row: 'UfcSpider' object has no attribute 'seen_events'
2026-01-07 17:18:06 [ufc] ERROR: Error parsing row: 'UfcSpider' object has no attribute 'seen_events'
2026-01-07 17:18:06 [ufc] ERROR: Error parsing row: 'UfcSpider' object has no attribute 'seen_events'
2026-01-07 17:18:06 [ufc] ERROR: Error parsing row: 'UfcSpider' object has no attribute 'seen_events'
2026-01-07 17:18:06 [ufc] ERROR: Error parsing row: 'UfcSpider' object has no attribute 'seen_events'
2026-01-07 17:18:06 [ufc] ERROR: Error parsing row: 'UfcSpider' object has no attribute 'seen_events'
2026-01-07 17:18:06 [ufc] ERROR: Error parsing row: 'UfcSpider' object has no attribute 'seen_events'
2026-01-07 17:18:06 [ufc] ERROR: Error parsing row: 'UfcSpider' object has no attribute 'seen_events'
2026-01-07 17:18:06 [ufc] ERROR: Error parsing row: 'UfcSpider' object has no attribute 'seen_events'
2026-01-07 17:18:06 [ufc] ERROR: Error parsing row: 'UfcSpider' object has no attribute 'seen_events'
2026-01-07 17:18:06 [ufc] ERROR: Error parsing row: 'UfcSpider' object has no attribute 'seen_events'
2026-01-07 17:18:06 [ufc] ERROR: Error parsing row: 'UfcSpider' object has no attribute 'seen_events'
2026-01-07 17:18:06 [ufc] ERROR: Error parsing row: 'UfcSpider' object has no attribute 'seen_events'
2026-01-07 17:18:06 [ufc] ERROR: Error parsing row: 'UfcSpider' object has no attribute 'seen_events'
2026-01-07 17:18:06 [ufc] ERROR: Error parsing row: 'UfcSpider' object has no attribute 'seen_events'
2026-01-07 17:18:06 [ufc] ERROR: Error parsing row: 'UfcSpider' object has no attribute 'seen_events'
2026-01-07 17:18:06 [ufc] ERROR: Error parsing row: 'UfcSpider' object has no attribute 'seen_events'
2026-01-07 17:18:06 [ufc] ERROR: Error parsing row: 'UfcSpider' object has no attribute 'seen_events'
2026-01-07 17:18:06 [ufc] ERROR: Error parsing row: 'UfcSpider' object has no attribute 'seen_events'
2026-01-07 17:18:06 [ufc] ERROR: Error parsing row: 'UfcSpider' object has no attribute 'seen_events'
2026-01-07 17:18:06 [ufc] ERROR: Error parsing row: 'UfcSpider' object has no attribute 'seen_events'
2026-01-07 17:18:06 [ufc] ERROR: Error parsing row: 'UfcSpider' object has no attribute 'seen_events'
2026-01-07 17:18:06 [ufc] ERROR: Error parsing row: 'UfcSpider' object has no attribute 'seen_events'
2026-01-07 17:18:06 [ufc] ERROR: Error parsing row: 'UfcSpider' object has no attribute 'seen_events'
2026-01-07 17:18:06 [ufc] ERROR: Error parsing row: 'UfcSpider' object has no attribute 'seen_events'
2026-01-07 17:18:06 [ufc] ERROR: Error parsing row: 'UfcSpider' object has no attribute 'seen_events'
2026-01-07 17:18:06 [ufc] ERROR: Error parsing row: 'UfcSpider' object has no attribute 'seen_events'
2026-01-07 17:18:06 [ufc] ERROR: Error parsing row: 'UfcSpider' object has no attribute 'seen_events'
2026-01-07 17:18:06 [ufc] ERROR: Error parsing row: 'UfcSpider' object has no attribute 'seen_events'
2026-01-07 17:18:06 [ufc] ERROR: Error parsing row: 'UfcSpider' object has no attribute 'seen_events'
2026-01-07 17:18:06 [ufc] ERROR: Error parsing row: 'UfcSpider' object has no attribute 'seen_events'
2026-01-07 17:18:06 [ufc] ERROR: Error parsing row: 'UfcSpider' object has no attribute 'seen_events'
2026-01-07 17:18:06 [ufc] ERROR: Error parsing row: 'UfcSpider' object has no attribute 'seen_events'
2026-01-07 17:18:06 [ufc] ERROR: Error parsing row: 'UfcSpider' object has no attribute 'seen_events'
2026-01-07 17:18:06 [ufc] ERROR: Error parsing row: 'UfcSpider' object has no attribute 'seen_events'
2026-01-07 17:18:06 [ufc] ERROR: Error parsing row: 'UfcSpider' object has no attribute 'seen_events'
2026-01-07 17:18:06 [ufc] ERROR: Error parsing row: 'UfcSpider' object has no attribute 'seen_events'
2026-01-07 17:18:06 [ufc] ERROR: Error parsing row: 'UfcSpider' object has no attribute 'seen_events'
2026-01-07 17:18:06 [ufc] ERROR: Error parsing row: 'UfcSpider' object has no attribute 'seen_events'
2026-01-07 17:18:06 [ufc] ERROR: Error parsing row: 'UfcSpider' object has no attribute 'seen_events'
2026-01-07 17:18:06 [ufc] ERROR: Error parsing row: 'UfcSpider' object has no attribute 'seen_events'
2026-01-07 17:18:06 [ufc] ERROR: Error parsing row: 'UfcSpider' object has no attribute 'seen_events'
2026-01-07 17:18:06 [ufc] ERROR: Error parsing row: 'UfcSpider' object has no attribute 'seen_events'
2026-01-07 17:18:06 [ufc] ERROR: Error parsing row: 'UfcSpider' object has no attribute 'seen_events'
2026-01-07 17:18:06 [ufc] ERROR: Error parsing row: 'UfcSpider' object has no attribute 'seen_events'
2026-01-07 17:18:06 [ufc] ERROR: Error parsing row: 'UfcSpider' object has no attribute 'seen_events'
2026-01-07 17:18:06 [ufc] ERROR: Error parsing row: 'UfcSpider' object has no attribute 'seen_events'
2026-01-07 17:18:06 [ufc] ERROR: Error parsing row: 'UfcSpider' object has no attribute 'seen_events'
2026-01-07 17:18:06 [ufc] ERROR: Error parsing row: 'UfcSpider' object has no attribute 'seen_events'
2026-01-07 17:18:06 [ufc] ERROR: Error parsing row: 'UfcSpider' object has no attribute 'seen_events'
2026-01-07 17:18:06 [ufc] ERROR: Error parsing row: 'UfcSpider' object has no attribute 'seen_events'
2026-01-07 17:18:06 [ufc] ERROR: Error parsing row: 'UfcSpider' object has no attribute 'seen_events'
2026-01-07 17:18:06 [ufc] ERROR: Error parsing row: 'UfcSpider' object has no attribute 'seen_events'
2026-01-07 17:18:06 [ufc] ERROR: Error parsing row: 'UfcSpider' object has no attribute 'seen_events'
2026-01-07 17:18:06 [ufc] ERROR: Error parsing row: 'UfcSpider' object has no attribute 'seen_events'
2026-01-07 17:18:06 [ufc] ERROR: Error parsing row: 'UfcSpider' object has no attribute 'seen_events'
2026-01-07 17:18:06 [ufc] ERROR: Error parsing row: 'UfcSpider' object has no attribute 'seen_events'
2026-01-07 17:18:06 [ufc] ERROR: Error parsing row: 'UfcSpider' object has no attribute 'seen_events'
2026-01-07 17:18:06 [ufc] ERROR: Error parsing row: 'UfcSpider' object has no attribute 'seen_events'
2026-01-07 17:18:06 [ufc] ERROR: Error parsing row: 'UfcSpider' object has no attribute 'seen_events'
2026-01-07 17:18:06 [ufc] ERROR: Error parsing row: 'UfcSpider' object has no attribute 'seen_events'
2026-01-07 17:18:06 [ufc] ERROR: Error parsing row: 'UfcSpider' object has no attribute 'seen_events'
2026-01-07 17:18:06 [ufc] ERROR: Error parsing row: 'UfcSpider' object has no attribute 'seen_events'
2026-01-07 17:18:06 [ufc] ERROR: Error parsing row: 'UfcSpider' object has no attribute 'seen_events'
2026-01-07 17:18:06 [ufc] ERROR: Error parsing row: 'UfcSpider' object has no attribute 'seen_events'
2026-01-07 17:18:06 [ufc] ERROR: Error parsing row: 'UfcSpider' object has no attribute 'seen_events'
2026-01-07 17:18:06 [ufc] ERROR: Error parsing row: 'UfcSpider' object has no attribute 'seen_events'
2026-01-07 17:18:06 [ufc] ERROR: Error parsing row: 'UfcSpider' object has no attribute 'seen_events'
2026-01-07 17:18:06 [ufc] ERROR: Error parsing row: 'UfcSpider' object has no attribute 'seen_events'
2026-01-07 17:18:06 [ufc] ERROR: Error parsing row: 'UfcSpider' object has no attribute 'seen_events'
2026-01-07 17:18:06 [ufc] ERROR: Error parsing row: 'UfcSpider' object has no attribute 'seen_events'
2026-01-07 17:18:06 [ufc] ERROR: Error parsing row: 'UfcSpider' object has no attribute 'seen_events'
2026-01-07 17:18:06 [ufc] ERROR: Error parsing row: 'UfcSpider' object has no attribute 'seen_events'
2026-01-07 17:18:06 [ufc] ERROR: Error parsing row: 'UfcSpider' object has no attribute 'seen_events'
2026-01-07 17:18:06 [ufc] ERROR: Error parsing row: 'UfcSpider' object has no attribute 'seen_events'
2026-01-07 17:18:06 [ufc] ERROR: Error parsing row: 'UfcSpider' object has no attribute 'seen_events'
2026-01-07 17:18:06 [ufc] ERROR: Error parsing row: 'UfcSpider' object has no attribute 'seen_events'
2026-01-07 17:18:06 [ufc] ERROR: Error parsing row: 'UfcSpider' object has no attribute 'seen_events'
2026-01-07 17:18:06 [ufc] ERROR: Error parsing row: 'UfcSpider' object has no attribute 'seen_events'
2026-01-07 17:18:06 [ufc] ERROR: Error parsing row: 'UfcSpider' object has no attribute 'seen_events'
2026-01-07 17:18:06 [ufc] ERROR: Error parsing row: 'UfcSpider' object has no attribute 'seen_events'
2026-01-07 17:18:06 [ufc] ERROR: Error parsing row: 'UfcSpider' object has no attribute 'seen_events'
2026-01-07 17:18:06 [ufc] ERROR: Error parsing row: 'UfcSpider' object has no attribute 'seen_events'
2026-01-07 17:18:06 [ufc] ERROR: Error parsing row: 'UfcSpider' object has no attribute 'seen_events'
2026-01-07 17:18:06 [ufc] ERROR: Error parsing row: 'UfcSpider' object has no attribute 'seen_events'
2026-01-07 17:18:06 [ufc] ERROR: Error parsing row: 'UfcSpider' object has no attribute 'seen_events'
2026-01-07 17:18:06 [ufc] ERROR: Error parsing row: 'UfcSpider' object has no attribute 'seen_events'
2026-01-07 17:18:06 [ufc] ERROR: Error parsing row: 'UfcSpider' object has no attribute 'seen_events'
2026-01-07 17:18:06 [ufc] ERROR: Error parsing row: 'UfcSpider' object has no attribute 'seen_events'
2026-01-07 17:18:06 [ufc] ERROR: Error parsing row: 'UfcSpider' object has no attribute 'seen_events'
2026-01-07 17:18:06 [ufc] ERROR: Error parsing row: 'UfcSpider' object has no attribute 'seen_events'
2026-01-07 17:18:06 [ufc] ERROR: Error parsing row: 'UfcSpider' object has no attribute 'seen_events'
2026-01-07 17:18:06 [ufc] ERROR: Error parsing row: 'UfcSpider' object has no attribute 'seen_events'
2026-01-07 17:18:06 [ufc] ERROR: Error parsing row: 'UfcSpider' object has no attribute 'seen_events'
2026-01-07 17:18:06 [ufc] ERROR: Error parsing row: 'UfcSpider' object has no attribute 'seen_events'
2026-01-07 17:18:06 [ufc] ERROR: Error parsing row: 'UfcSpider' object has no attribute 'seen_events'
2026-01-07 17:18:06 [ufc] ERROR: Error parsing row: 'UfcSpider' object has no attribute 'seen_events'
2026-01-07 17:18:06 [ufc] ERROR: Error parsing row: 'UfcSpider' object has no attribute 'seen_events'
2026-01-07 17:18:06 [ufc] ERROR: Error parsing row: 'UfcSpider' object has no attribute 'seen_events'
2026-01-07 17:18:06 [ufc] ERROR: Error parsing row: 'UfcSpider' object has no attribute 'seen_events'
2026-01-07 17:18:06 [ufc] ERROR: Error parsing row: 'UfcSpider' object has no attribute 'seen_events'
2026-01-07 17:18:06 [ufc] ERROR: Error parsing row: 'UfcSpider' object has no attribute 'seen_events'
2026-01-07 17:18:06 [ufc] ERROR: Error parsing row: 'UfcSpider' object has no attribute 'seen_events'
2026-01-07 17:18:06 [ufc] ERROR: Error parsing row: 'UfcSpider' object has no attribute 'seen_events'
2026-01-07 17:18:06 [ufc] ERROR: Error parsing row: 'UfcSpider' object has no attribute 'seen_events'
2026-01-07 17:18:06 [ufc] ERROR: Error parsing row: 'UfcSpider' object has no attribute 'seen_events'
2026-01-07 17:18:06 [ufc] ERROR: Error parsing row: 'UfcSpider' object has no attribute 'seen_events'
2026-01-07 17:18:06 [ufc] ERROR: Error parsing row: 'UfcSpider' object has no attribute 'seen_events'
2026-01-07 17:18:06 [ufc] ERROR: Error parsing row: 'UfcSpider' object has no attribute 'seen_events'
2026-01-07 17:18:06 [ufc] ERROR: Error parsing row: 'UfcSpider' object has no attribute 'seen_events'
2026-01-07 17:18:06 [ufc] ERROR: Error parsing row: 'UfcSpider' object has no attribute 'seen_events'
2026-01-07 17:18:06 [ufc] ERROR: Error parsing row: 'UfcSpider' object has no attribute 'seen_events'
2026-01-07 17:18:06 [ufc] ERROR: Error parsing row: 'UfcSpider' object has no attribute 'seen_events'
2026-01-07 17:18:06 [ufc] ERROR: Error parsing row: 'UfcSpider' object has no attribute 'seen_events'
2026-01-07 17:18:06 [ufc] ERROR: Error parsing row: 'UfcSpider' object has no attribute 'seen_events'
2026-01-07 17:18:06 [ufc] ERROR: Error parsing row: 'UfcSpider' object has no attribute 'seen_events'
2026-01-07 17:18:06 [ufc] ERROR: Error parsing row: 'UfcSpider' object has no attribute 'seen_events'
2026-01-07 17:18:06 [ufc] ERROR: Error parsing row: 'UfcSpider' object has no attribute 'seen_events'
2026-01-07 17:18:06 [ufc] ERROR: Error parsing row: 'UfcSpider' object has no attribute 'seen_events'
2026-01-07 17:18:06 [ufc] ERROR: Error parsing row: 'UfcSpider' object has no attribute 'seen_events'
2026-01-07 17:18:06 [ufc] ERROR: Error parsing row: 'UfcSpider' object has no attribute 'seen_events'
2026-01-07 17:18:06 [ufc] ERROR: Error parsing row: 'UfcSpider' object has no attribute 'seen_events'
2026-01-07 17:18:06 [ufc] ERROR: Error parsing row: 'UfcSpider' object has no attribute 'seen_events'
2026-01-07 17:18:06 [ufc] ERROR: Error parsing row: 'UfcSpider' object has no attribute 'seen_events'
2026-01-07 17:18:06 [ufc] ERROR: Error parsing row: 'UfcSpider' object has no attribute 'seen_events'
2026-01-07 17:18:06 [ufc] ERROR: Error parsing row: 'UfcSpider' object has no attribute 'seen_events'
2026-01-07 17:18:06 [ufc] ERROR: Error parsing row: 'UfcSpider' object has no attribute 'seen_events'
2026-01-07 17:18:06 [ufc] ERROR: Error parsing row: 'UfcSpider' object has no attribute 'seen_events'
2026-01-07 17:18:06 [ufc] ERROR: Error parsing row: 'UfcSpider' object has no attribute 'seen_events'
2026-01-07 17:18:06 [ufc] ERROR: Error parsing row: 'UfcSpider' object has no attribute 'seen_events'
2026-01-07 17:18:06 [ufc] ERROR: Error parsing row: 'UfcSpider' object has no attribute 'seen_events'
2026-01-07 17:18:06 [ufc] ERROR: Error parsing row: 'UfcSpider' object has no attribute 'seen_events'
2026-01-07 17:18:06 [ufc] ERROR: Error parsing row: 'UfcSpider' object has no attribute 'seen_events'
2026-01-07 17:18:06 [ufc] ERROR: Error parsing row: 'UfcSpider' object has no attribute 'seen_events'
2026-01-07 17:18:06 [ufc] ERROR: Error parsing row: 'UfcSpider' object has no attribute 'seen_events'
2026-01-07 17:18:06 [ufc] ERROR: Error parsing row: 'UfcSpider' object has no attribute 'seen_events'
2026-01-07 17:18:06 [ufc] ERROR: Error parsing row: 'UfcSpider' object has no attribute 'seen_events'
2026-01-07 17:18:06 [ufc] ERROR: Error parsing row: 'UfcSpider' object has no attribute 'seen_events'
2026-01-07 17:18:06 [ufc] ERROR: Error parsing row: 'UfcSpider' object has no attribute 'seen_events'
2026-01-07 17:18:06 [ufc] ERROR: Error parsing row: 'UfcSpider' object has no attribute 'seen_events'
2026-01-07 17:18:06 [ufc] ERROR: Error parsing row: 'UfcSpider' object has no attribute 'seen_events'
2026-01-07 17:18:06 [ufc] ERROR: Error parsing row: 'UfcSpider' object has no attribute 'seen_events'
2026-01-07 17:18:06 [ufc] ERROR: Error parsing row: 'UfcSpider' object has no attribute 'seen_events'
2026-01-07 17:18:06 [ufc] ERROR: Error parsing row: 'UfcSpider' object has no attribute 'seen_events'
2026-01-07 17:18:06 [ufc] ERROR: Error parsing row: 'UfcSpider' object has no attribute 'seen_events'
2026-01-07 17:18:06 [ufc] ERROR: Error parsing row: 'UfcSpider' object has no attribute 'seen_events'
2026-01-07 17:18:06 [ufc] ERROR: Error parsing row: 'UfcSpider' object has no attribute 'seen_events'
2026-01-07 17:18:06 [ufc] ERROR: Error parsing row: 'UfcSpider' object has no attribute 'seen_events'
2026-01-07 17:18:06 [ufc] ERROR: Error parsing row: 'UfcSpider' object has no attribute 'seen_events'
2026-01-07 17:18:06 [ufc] ERROR: Error parsing row: 'UfcSpider' object has no attribute 'seen_events'
2026-01-07 17:18:06 [ufc] ERROR: Error parsing row: 'UfcSpider' object has no attribute 'seen_events'
2026-01-07 17:18:06 [ufc] ERROR: Error parsing row: 'UfcSpider' object has no attribute 'seen_events'
2026-01-07 17:18:06 [ufc] ERROR: Error parsing row: 'UfcSpider' object has no attribute 'seen_events'
2026-01-07 17:18:06 [ufc] ERROR: Error parsing row: 'UfcSpider' object has no attribute 'seen_events'
2026-01-07 17:18:06 [ufc] ERROR: Error parsing row: 'UfcSpider' object has no attribute 'seen_events'
2026-01-07 17:18:06 [ufc] ERROR: Error parsing row: 'UfcSpider' object has no attribute 'seen_events'
2026-01-07 17:18:06 [ufc] ERROR: Error parsing row: 'UfcSpider' object has no attribute 'seen_events'
2026-01-07 17:18:06 [ufc] ERROR: Error parsing row: 'UfcSpider' object has no attribute 'seen_events'
2026-01-07 17:18:06 [ufc] ERROR: Error parsing row: 'UfcSpider' object has no attribute 'seen_events'
2026-01-07 17:18:06 [ufc] ERROR: Error parsing row: 'UfcSpider' object has no attribute 'seen_events'
2026-01-07 17:18:06 [ufc] ERROR: Error parsing row: 'UfcSpider' object has no attribute 'seen_events'
2026-01-07 17:18:06 [ufc] ERROR: Error parsing row: 'UfcSpider' object has no attribute 'seen_events'
2026-01-07 17:18:06 [ufc] ERROR: Error parsing row: 'UfcSpider' object has no attribute 'seen_events'
2026-01-07 17:18:06 [ufc] ERROR: Error parsing row: 'UfcSpider' object has no attribute 'seen_events'
2026-01-07 17:18:06 [ufc] ERROR: Error parsing row: 'UfcSpider' object has no attribute 'seen_events'
2026-01-07 17:18:06 [ufc] ERROR: Error parsing row: 'UfcSpider' object has no attribute 'seen_events'
2026-01-07 17:18:06 [ufc] ERROR: Error parsing row: 'UfcSpider' object has no attribute 'seen_events'
2026-01-07 17:18:06 [ufc] ERROR: Error parsing row: 'UfcSpider' object has no attribute 'seen_events'
2026-01-07 17:18:06 [ufc] ERROR: Error parsing row: 'UfcSpider' object has no attribute 'seen_events'
2026-01-07 17:18:06 [ufc] ERROR: Error parsing row: 'UfcSpider' object has no attribute 'seen_events'
2026-01-07 17:18:06 [ufc] ERROR: Error parsing row: 'UfcSpider' object has no attribute 'seen_events'
2026-01-07 17:18:06 [ufc] ERROR: Error parsing row: 'UfcSpider' object has no attribute 'seen_events'
2026-01-07 17:18:06 [ufc] ERROR: Error parsing row: 'UfcSpider' object has no attribute 'seen_events'
2026-01-07 17:18:06 [ufc] ERROR: Error parsing row: 'UfcSpider' object has no attribute 'seen_events'
2026-01-07 17:18:06 [ufc] ERROR: Error parsing row: 'UfcSpider' object has no attribute 'seen_events'
2026-01-07 17:18:06 [ufc] ERROR: Error parsing row: 'UfcSpider' object has no attribute 'seen_events'
2026-01-07 17:18:06 [ufc] ERROR: Error parsing row: 'UfcSpider' object has no attribute 'seen_events'
2026-01-07 17:18:06 [ufc] ERROR: Error parsing row: 'UfcSpider' object has no attribute 'seen_events'
2026-01-07 17:18:06 [ufc] ERROR: Error parsing row: 'UfcSpider' object has no attribute 'seen_events'
2026-01-07 17:18:06 [ufc] ERROR: Error parsing row: 'UfcSpider' object has no attribute 'seen_events'
2026-01-07 17:18:06 [ufc] ERROR: Error parsing row: 'UfcSpider' object has no attribute 'seen_events'
2026-01-07 17:18:06 [ufc] ERROR: Error parsing row: 'UfcSpider' object has no attribute 'seen_events'
2026-01-07 17:18:06 [ufc] ERROR: Error parsing row: 'UfcSpider' object has no attribute 'seen_events'
2026-01-07 17:18:06 [ufc] ERROR: Error parsing row: 'UfcSpider' object has no attribute 'seen_events'
2026-01-07 17:18:06 [ufc] ERROR: Error parsing row: 'UfcSpider' object has no attribute 'seen_events'
2026-01-07 17:18:06 [ufc] ERROR: Error parsing row: 'UfcSpider' object has no attribute 'seen_events'
2026-01-07 17:18:06 [ufc] ERROR: Error parsing row: 'UfcSpider' object has no attribute 'seen_events'
2026-01-07 17:18:06 [ufc] ERROR: Error parsing row: 'UfcSpider' object has no attribute 'seen_events'
2026-01-07 17:18:06 [ufc] ERROR: Error parsing row: 'UfcSpider' object has no attribute 'seen_events'
2026-01-07 17:18:06 [ufc] ERROR: Error parsing row: 'UfcSpider' object has no attribute 'seen_events'
2026-01-07 17:18:06 [ufc] ERROR: Error parsing row: 'UfcSpider' object has no attribute 'seen_events'
2026-01-07 17:18:06 [ufc] ERROR: Error parsing row: 'UfcSpider' object has no attribute 'seen_events'
2026-01-07 17:18:06 [ufc] ERROR: Error parsing row: 'UfcSpider' object has no attribute 'seen_events'
2026-01-07 17:18:06 [ufc] ERROR: Error parsing row: 'UfcSpider' object has no attribute 'seen_events'
2026-01-07 17:18:06 [ufc] ERROR: Error parsing row: 'UfcSpider' object has no attribute 'seen_events'
2026-01-07 17:18:06 [ufc] ERROR: Error parsing row: 'UfcSpider' object has no attribute 'seen_events'
2026-01-07 17:18:06 [ufc] ERROR: Error parsing row: 'UfcSpider' object has no attribute 'seen_events'
2026-01-07 17:18:06 [ufc] ERROR: Error parsing row: 'UfcSpider' object has no attribute 'seen_events'
2026-01-07 17:18:06 [ufc] ERROR: Error parsing row: 'UfcSpider' object has no attribute 'seen_events'
2026-01-07 17:18:06 [ufc] ERROR: Error parsing row: 'UfcSpider' object has no attribute 'seen_events'
2026-01-07 17:18:06 [ufc] ERROR: Error parsing row: 'UfcSpider' object has no attribute 'seen_events'
2026-01-07 17:18:06 [ufc] ERROR: Error parsing row: 'UfcSpider' object has no attribute 'seen_events'
2026-01-07 17:18:06 [ufc] ERROR: Error parsing row: 'UfcSpider' object has no attribute 'seen_events'
2026-01-07 17:18:06 [ufc] ERROR: Error parsing row: 'UfcSpider' object has no attribute 'seen_events'
2026-01-07 17:18:06 [ufc] ERROR: Error parsing row: 'UfcSpider' object has no attribute 'seen_events'
2026-01-07 17:18:06 [ufc] ERROR: Error parsing row: 'UfcSpider' object has no attribute 'seen_events'
2026-01-07 17:18:06 [ufc] ERROR: Error parsing row: 'UfcSpider' object has no attribute 'seen_events'
2026-01-07 17:18:06 [ufc] ERROR: Error parsing row: 'UfcSpider' object has no attribute 'seen_events'
2026-01-07 17:18:06 [ufc] ERROR: Error parsing row: 'UfcSpider' object has no attribute 'seen_events'
2026-01-07 17:18:06 [ufc] ERROR: Error parsing row: 'UfcSpider' object has no attribute 'seen_events'
2026-01-07 17:18:06 [ufc] ERROR: Error parsing row: 'UfcSpider' object has no attribute 'seen_events'
2026-01-07 17:18:06 [ufc] ERROR: Error parsing row: 'UfcSpider' object has no attribute 'seen_events'
2026-01-07 17:18:06 [ufc] ERROR: Error parsing row: 'UfcSpider' object has no attribute 'seen_events'
2026-01-07 17:18:06 [ufc] ERROR: Error parsing row: 'UfcSpider' object has no attribute 'seen_events'
2026-01-07 17:18:06 [ufc] ERROR: Error parsing row: 'UfcSpider' object has no attribute 'seen_events'
2026-01-07 17:18:06 [ufc] ERROR: Error parsing row: 'UfcSpider' object has no attribute 'seen_events'
2026-01-07 17:18:06 [ufc] ERROR: Error parsing row: 'UfcSpider' object has no attribute 'seen_events'
2026-01-07 17:18:06 [ufc] ERROR: Error parsing row: 'UfcSpider' object has no attribute 'seen_events'
2026-01-07 17:18:06 [ufc] ERROR: Error parsing row: 'UfcSpider' object has no attribute 'seen_events'
2026-01-07 17:18:06 [ufc] ERROR: Error parsing row: 'UfcSpider' object has no attribute 'seen_events'
2026-01-07 17:18:06 [ufc] ERROR: Error parsing row: 'UfcSpider' object has no attribute 'seen_events'
2026-01-07 17:18:06 [ufc] ERROR: Error parsing row: 'UfcSpider' object has no attribute 'seen_events'
2026-01-07 17:18:06 [ufc] ERROR: Error parsing row: 'UfcSpider' object has no attribute 'seen_events'
2026-01-07 17:18:06 [ufc] ERROR: Error parsing row: 'UfcSpider' object has no attribute 'seen_events'
2026-01-07 17:18:06 [ufc] ERROR: Error parsing row: 'UfcSpider' object has no attribute 'seen_events'
2026-01-07 17:18:06 [ufc] ERROR: Error parsing row: 'UfcSpider' object has no attribute 'seen_events'
2026-01-07 17:18:06 [ufc] ERROR: Error parsing row: 'UfcSpider' object has no attribute 'seen_events'
2026-01-07 17:18:06 [ufc] ERROR: Error parsing row: 'UfcSpider' object has no attribute 'seen_events'
2026-01-07 17:18:06 [ufc] ERROR: Error parsing row: 'UfcSpider' object has no attribute 'seen_events'
2026-01-07 17:18:06 [ufc] ERROR: Error parsing row: 'UfcSpider' object has no attribute 'seen_events'
2026-01-07 17:18:06 [ufc] ERROR: Error parsing row: 'UfcSpider' object has no attribute 'seen_events'
2026-01-07 17:18:06 [ufc] ERROR: Error parsing row: 'UfcSpider' object has no attribute 'seen_events'
2026-01-07 17:18:06 [ufc] ERROR: Error parsing row: 'UfcSpider' object has no attribute 'seen_events'
2026-01-07 17:18:06 [ufc] ERROR: Error parsing row: 'UfcSpider' object has no attribute 'seen_events'
2026-01-07 17:18:06 [ufc] ERROR: Error parsing row: 'UfcSpider' object has no attribute 'seen_events'
2026-01-07 17:18:06 [ufc] ERROR: Error parsing row: 'UfcSpider' object has no attribute 'seen_events'
2026-01-07 17:18:06 [ufc] ERROR: Error parsing row: 'UfcSpider' object has no attribute 'seen_events'
2026-01-07 17:18:06 [ufc] ERROR: Error parsing row: 'UfcSpider' object has no attribute 'seen_events'
2026-01-07 17:18:06 [ufc] ERROR: Error parsing row: 'UfcSpider' object has no attribute 'seen_events'
2026-01-07 17:18:06 [ufc] ERROR: Error parsing row: 'UfcSpider' object has no attribute 'seen_events'
2026-01-07 17:18:06 [ufc] ERROR: Error parsing row: 'UfcSpider' object has no attribute 'seen_events'
2026-01-07 17:18:06 [ufc] ERROR: Error parsing row: 'UfcSpider' object has no attribute 'seen_events'
2026-01-07 17:18:06 [ufc] ERROR: Error parsing row: 'UfcSpider' object has no attribute 'seen_events'
2026-01-07 17:18:06 [ufc] ERROR: Error parsing row: 'UfcSpider' object has no attribute 'seen_events'
2026-01-07 17:18:06 [ufc] ERROR: Error parsing row: 'UfcSpider' object has no attribute 'seen_events'
2026-01-07 17:18:06 [ufc] ERROR: Error parsing row: 'UfcSpider' object has no attribute 'seen_events'
2026-01-07 17:18:06 [ufc] ERROR: Error parsing row: 'UfcSpider' object has no attribute 'seen_events'
2026-01-07 17:18:06 [ufc] ERROR: Error parsing row: 'UfcSpider' object has no attribute 'seen_events'
2026-01-07 17:18:06 [ufc] ERROR: Error parsing row: 'UfcSpider' object has no attribute 'seen_events'
2026-01-07 17:18:06 [ufc] ERROR: Error parsing row: 'UfcSpider' object has no attribute 'seen_events'
2026-01-07 17:18:06 [ufc] ERROR: Error parsing row: 'UfcSpider' object has no attribute 'seen_events'
2026-01-07 17:18:06 [ufc] ERROR: Error parsing row: 'UfcSpider' object has no attribute 'seen_events'
2026-01-07 17:18:06 [ufc] ERROR: Error parsing row: 'UfcSpider' object has no attribute 'seen_events'
2026-01-07 17:18:06 [ufc] ERROR: Error parsing row: 'UfcSpider' object has no attribute 'seen_events'
2026-01-07 17:18:06 [ufc] ERROR: Error parsing row: 'UfcSpider' object has no attribute 'seen_events'
2026-01-07 17:18:06 [ufc] ERROR: Error parsing row: 'UfcSpider' object has no attribute 'seen_events'
2026-01-07 17:18:06 [ufc] ERROR: Error parsing row: 'UfcSpider' object has no attribute 'seen_events'
2026-01-07 17:18:06 [ufc] ERROR: Error parsing row: 'UfcSpider' object has no attribute 'seen_events'
2026-01-07 17:18:06 [ufc] ERROR: Error parsing row: 'UfcSpider' object has no attribute 'seen_events'
2026-01-07 17:18:06 [ufc] ERROR: Error parsing row: 'UfcSpider' object has no attribute 'seen_events'
2026-01-07 17:18:06 [ufc] ERROR: Error parsing row: 'UfcSpider' object has no attribute 'seen_events'
2026-01-07 17:18:06 [ufc] ERROR: Error parsing row: 'UfcSpider' object has no attribute 'seen_events'
2026-01-07 17:18:06 [ufc] ERROR: Error parsing row: 'UfcSpider' object has no attribute 'seen_events'
2026-01-07 17:18:06 [ufc] ERROR: Error parsing row: 'UfcSpider' object has no attribute 'seen_events'
2026-01-07 17:18:06 [ufc] ERROR: Error parsing row: 'UfcSpider' object has no attribute 'seen_events'
2026-01-07 17:18:06 [ufc] ERROR: Error parsing row: 'UfcSpider' object has no attribute 'seen_events'
2026-01-07 17:18:06 [ufc] ERROR: Error parsing row: 'UfcSpider' object has no attribute 'seen_events'
2026-01-07 17:18:06 [ufc] ERROR: Error parsing row: 'UfcSpider' object has no attribute 'seen_events'
2026-01-07 17:18:06 [ufc] ERROR: Error parsing row: 'UfcSpider' object has no attribute 'seen_events'
2026-01-07 17:18:06 [ufc] ERROR: Error parsing row: 'UfcSpider' object has no attribute 'seen_events'
2026-01-07 17:18:06 [ufc] ERROR: Error parsing row: 'UfcSpider' object has no attribute 'seen_events'
2026-01-07 17:18:06 [ufc] ERROR: Error parsing row: 'UfcSpider' object has no attribute 'seen_events'
2026-01-07 17:18:06 [ufc] ERROR: Error parsing row: 'UfcSpider' object has no attribute 'seen_events'
2026-01-07 17:18:06 [ufc] ERROR: Error parsing row: 'UfcSpider' object has no attribute 'seen_events'
2026-01-07 17:18:06 [ufc] ERROR: Error parsing row: 'UfcSpider' object has no attribute 'seen_events'
2026-01-07 17:18:06 [ufc] ERROR: Error parsing row: 'UfcSpider' object has no attribute 'seen_events'
2026-01-07 17:18:06 [ufc] ERROR: Error parsing row: 'UfcSpider' object has no attribute 'seen_events'
2026-01-07 17:18:06 [ufc] ERROR: Error parsing row: 'UfcSpider' object has no attribute 'seen_events'
2026-01-07 17:18:06 [ufc] ERROR: Error parsing row: 'UfcSpider' object has no attribute 'seen_events'
2026-01-07 17:18:06 [ufc] ERROR: Error parsing row: 'UfcSpider' object has no attribute 'seen_events'
2026-01-07 17:18:06 [ufc] ERROR: Error parsing row: 'UfcSpider' object has no attribute 'seen_events'
2026-01-07 17:18:06 [ufc] ERROR: Error parsing row: 'UfcSpider' object has no attribute 'seen_events'
2026-01-07 17:18:06 [ufc] ERROR: Error parsing row: 'UfcSpider' object has no attribute 'seen_events'
2026-01-07 17:18:06 [ufc] ERROR: Error parsing row: 'UfcSpider' object has no attribute 'seen_events'
2026-01-07 17:18:06 [ufc] ERROR: Error parsing row: 'UfcSpider' object has no attribute 'seen_events'
2026-01-07 17:18:06 [ufc] ERROR: Error parsing row: 'UfcSpider' object has no attribute 'seen_events'
2026-01-07 17:18:06 [ufc] ERROR: Error parsing row: 'UfcSpider' object has no attribute 'seen_events'
2026-01-07 17:18:06 [ufc] ERROR: Error parsing row: 'UfcSpider' object has no attribute 'seen_events'
2026-01-07 17:18:06 [ufc] ERROR: Error parsing row: 'UfcSpider' object has no attribute 'seen_events'
2026-01-07 17:18:06 [ufc] ERROR: Error parsing row: 'UfcSpider' object has no attribute 'seen_events'
2026-01-07 17:18:06 [ufc] ERROR: Error parsing row: 'UfcSpider' object has no attribute 'seen_events'
2026-01-07 17:18:06 [ufc] ERROR: Error parsing row: 'UfcSpider' object has no attribute 'seen_events'
2026-01-07 17:18:06 [ufc] ERROR: Error parsing row: 'UfcSpider' object has no attribute 'seen_events'
2026-01-07 17:18:06 [ufc] ERROR: Error parsing row: 'UfcSpider' object has no attribute 'seen_events'
2026-01-07 17:18:06 [ufc] ERROR: Error parsing row: 'UfcSpider' object has no attribute 'seen_events'
2026-01-07 17:18:06 [ufc] ERROR: Error parsing row: 'UfcSpider' object has no attribute 'seen_events'
2026-01-07 17:18:06 [ufc] ERROR: Error parsing row: 'UfcSpider' object has no attribute 'seen_events'
2026-01-07 17:18:06 [ufc] ERROR: Error parsing row: 'UfcSpider' object has no attribute 'seen_events'
2026-01-07 17:18:06 [ufc] ERROR: Error parsing row: 'UfcSpider' object has no attribute 'seen_events'
2026-01-07 17:18:06 [ufc] ERROR: Error parsing row: 'UfcSpider' object has no attribute 'seen_events'
2026-01-07 17:18:06 [ufc] ERROR: Error parsing row: 'UfcSpider' object has no attribute 'seen_events'
2026-01-07 17:18:06 [ufc] ERROR: Error parsing row: 'UfcSpider' object has no attribute 'seen_events'
2026-01-07 17:18:06 [ufc] ERROR: Error parsing row: 'UfcSpider' object has no attribute 'seen_events'
2026-01-07 17:18:06 [ufc] ERROR: Error parsing row: 'UfcSpider' object has no attribute 'seen_events'
2026-01-07 17:18:06 [ufc] ERROR: Error parsing row: 'UfcSpider' object has no attribute 'seen_events'
2026-01-07 17:18:06 [ufc] ERROR: Error parsing row: 'UfcSpider' object has no attribute 'seen_events'
2026-01-07 17:18:06 [ufc] ERROR: Error parsing row: 'UfcSpider' object has no attribute 'seen_events'
2026-01-07 17:18:06 [ufc] ERROR: Error parsing row: 'UfcSpider' object has no attribute 'seen_events'
2026-01-07 17:18:06 [ufc] ERROR: Error parsing row: 'UfcSpider' object has no attribute 'seen_events'
2026-01-07 17:18:06 [ufc] ERROR: Error parsing row: 'UfcSpider' object has no attribute 'seen_events'
2026-01-07 17:18:06 [ufc] ERROR: Error parsing row: 'UfcSpider' object has no attribute 'seen_events'
2026-01-07 17:18:06 [ufc] ERROR: Error parsing row: 'UfcSpider' object has no attribute 'seen_events'
2026-01-07 17:18:06 [ufc] ERROR: Error parsing row: 'UfcSpider' object has no attribute 'seen_events'
2026-01-07 17:18:06 [ufc] ERROR: Error parsing row: 'UfcSpider' object has no attribute 'seen_events'
2026-01-07 17:18:06 [ufc] ERROR: Error parsing row: 'UfcSpider' object has no attribute 'seen_events'
2026-01-07 17:18:06 [ufc] ERROR: Error parsing row: 'UfcSpider' object has no attribute 'seen_events'
2026-01-07 17:18:06 [ufc] ERROR: Error parsing row: 'UfcSpider' object has no attribute 'seen_events'
2026-01-07 17:18:06 [ufc] ERROR: Error parsing row: 'UfcSpider' object has no attribute 'seen_events'
2026-01-07 17:18:06 [ufc] ERROR: Error parsing row: 'UfcSpider' object has no attribute 'seen_events'
2026-01-07 17:18:06 [ufc] ERROR: Error parsing row: 'UfcSpider' object has no attribute 'seen_events'
2026-01-07 17:18:06 [ufc] ERROR: Error parsing row: 'UfcSpider' object has no attribute 'seen_events'
2026-01-07 17:18:06 [ufc] ERROR: Error parsing row: 'UfcSpider' object has no attribute 'seen_events'
2026-01-07 17:18:06 [ufc] ERROR: Error parsing row: 'UfcSpider' object has no attribute 'seen_events'
2026-01-07 17:18:06 [ufc] ERROR: Error parsing row: 'UfcSpider' object has no attribute 'seen_events'
2026-01-07 17:18:06 [ufc] ERROR: Error parsing row: 'UfcSpider' object has no attribute 'seen_events'
2026-01-07 17:18:06 [ufc] ERROR: Error parsing row: 'UfcSpider' object has no attribute 'seen_events'
2026-01-07 17:18:06 [ufc] ERROR: Error parsing row: 'UfcSpider' object has no attribute 'seen_events'
2026-01-07 17:18:06 [ufc] ERROR: Error parsing row: 'UfcSpider' object has no attribute 'seen_events'
2026-01-07 17:18:06 [ufc] ERROR: Error parsing row: 'UfcSpider' object has no attribute 'seen_events'
2026-01-07 17:18:06 [ufc] ERROR: Error parsing row: 'UfcSpider' object has no attribute 'seen_events'
2026-01-07 17:18:06 [ufc] ERROR: Error parsing row: 'UfcSpider' object has no attribute 'seen_events'
2026-01-07 17:18:06 [ufc] ERROR: Error parsing row: 'UfcSpider' object has no attribute 'seen_events'
2026-01-07 17:18:06 [ufc] ERROR: Error parsing row: 'UfcSpider' object has no attribute 'seen_events'
2026-01-07 17:18:06 [ufc] ERROR: Error parsing row: 'UfcSpider' object has no attribute 'seen_events'
2026-01-07 17:18:06 [ufc] ERROR: Error parsing row: 'UfcSpider' object has no attribute 'seen_events'
2026-01-07 17:18:06 [ufc] ERROR: Error parsing row: 'UfcSpider' object has no attribute 'seen_events'
2026-01-07 17:18:06 [ufc] ERROR: Error parsing row: 'UfcSpider' object has no attribute 'seen_events'
2026-01-07 17:18:06 [ufc] ERROR: Error parsing row: 'UfcSpider' object has no attribute 'seen_events'
2026-01-07 17:18:06 [ufc] ERROR: Error parsing row: 'UfcSpider' object has no attribute 'seen_events'
2026-01-07 17:18:06 [ufc] ERROR: Error parsing row: 'UfcSpider' object has no attribute 'seen_events'
2026-01-07 17:18:06 [ufc] ERROR: Error parsing row: 'UfcSpider' object has no attribute 'seen_events'
2026-01-07 17:18:06 [ufc] ERROR: Error parsing row: 'UfcSpider' object has no attribute 'seen_events'
2026-01-07 17:18:06 [ufc] ERROR: Error parsing row: 'UfcSpider' object has no attribute 'seen_events'
2026-01-07 17:18:06 [ufc] ERROR: Error parsing row: 'UfcSpider' object has no attribute 'seen_events'
2026-01-07 17:18:06 [ufc] ERROR: Error parsing row: 'UfcSpider' object has no attribute 'seen_events'
2026-01-07 17:18:06 [ufc] ERROR: Error parsing row: 'UfcSpider' object has no attribute 'seen_events'
2026-01-07 17:18:06 [ufc] ERROR: Error parsing row: 'UfcSpider' object has no attribute 'seen_events'
2026-01-07 17:18:06 [ufc] ERROR: Error parsing row: 'UfcSpider' object has no attribute 'seen_events'
2026-01-07 17:18:06 [ufc] ERROR: Error parsing row: 'UfcSpider' object has no attribute 'seen_events'
2026-01-07 17:18:06 [ufc] ERROR: Error parsing row: 'UfcSpider' object has no attribute 'seen_events'
2026-01-07 17:18:06 [ufc] ERROR: Error parsing row: 'UfcSpider' object has no attribute 'seen_events'
2026-01-07 17:18:06 [ufc] ERROR: Error parsing row: 'UfcSpider' object has no attribute 'seen_events'
2026-01-07 17:18:06 [ufc] ERROR: Error parsing row: 'UfcSpider' object has no attribute 'seen_events'
2026-01-07 17:18:06 [ufc] ERROR: Error parsing row: 'UfcSpider' object has no attribute 'seen_events'
2026-01-07 17:18:06 [ufc] ERROR: Error parsing row: 'UfcSpider' object has no attribute 'seen_events'
2026-01-07 17:18:06 [ufc] ERROR: Error parsing row: 'UfcSpider' object has no attribute 'seen_events'
2026-01-07 17:18:06 [ufc] ERROR: Error parsing row: 'UfcSpider' object has no attribute 'seen_events'
2026-01-07 17:18:06 [ufc] ERROR: Error parsing row: 'UfcSpider' object has no attribute 'seen_events'
2026-01-07 17:18:06 [ufc] ERROR: Error parsing row: 'UfcSpider' object has no attribute 'seen_events'
2026-01-07 17:18:06 [ufc] ERROR: Error parsing row: 'UfcSpider' object has no attribute 'seen_events'
2026-01-07 17:18:06 [ufc] ERROR: Error parsing row: 'UfcSpider' object has no attribute 'seen_events'
2026-01-07 17:18:06 [ufc] ERROR: Error parsing row: 'UfcSpider' object has no attribute 'seen_events'
2026-01-07 17:18:06 [ufc] ERROR: Error parsing row: 'UfcSpider' object has no attribute 'seen_events'
2026-01-07 17:18:06 [ufc] ERROR: Error parsing row: 'UfcSpider' object has no attribute 'seen_events'
2026-01-07 17:18:06 [ufc] ERROR: Error parsing row: 'UfcSpider' object has no attribute 'seen_events'
2026-01-07 17:18:06 [ufc] ERROR: Error parsing row: 'UfcSpider' object has no attribute 'seen_events'
2026-01-07 17:18:06 [ufc] ERROR: Error parsing row: 'UfcSpider' object has no attribute 'seen_events'
2026-01-07 17:18:06 [ufc] ERROR: Error parsing row: 'UfcSpider' object has no attribute 'seen_events'
2026-01-07 17:18:06 [ufc] ERROR: Error parsing row: 'UfcSpider' object has no attribute 'seen_events'
2026-01-07 17:18:06 [ufc] ERROR: Error parsing row: 'UfcSpider' object has no attribute 'seen_events'
2026-01-07 17:18:06 [ufc] ERROR: Error parsing row: 'UfcSpider' object has no attribute 'seen_events'
2026-01-07 17:18:06 [ufc] ERROR: Error parsing row: 'UfcSpider' object has no attribute 'seen_events'
2026-01-07 17:18:06 [ufc] ERROR: Error parsing row: 'UfcSpider' object has no attribute 'seen_events'
2026-01-07 17:18:06 [ufc] ERROR: Error parsing row: 'UfcSpider' object has no attribute 'seen_events'
2026-01-07 17:18:06 [ufc] ERROR: Error parsing row: 'UfcSpider' object has no attribute 'seen_events'
2026-01-07 17:18:06 [ufc] ERROR: Error parsing row: 'UfcSpider' object has no attribute 'seen_events'
2026-01-07 17:18:06 [ufc] ERROR: Error parsing row: 'UfcSpider' object has no attribute 'seen_events'
2026-01-07 17:18:06 [ufc] ERROR: Error parsing row: 'UfcSpider' object has no attribute 'seen_events'
2026-01-07 17:18:06 [ufc] ERROR: Error parsing row: 'UfcSpider' object has no attribute 'seen_events'
2026-01-07 17:18:06 [ufc] ERROR: Error parsing row: 'UfcSpider' object has no attribute 'seen_events'
2026-01-07 17:18:06 [ufc] ERROR: Error parsing row: 'UfcSpider' object has no attribute 'seen_events'
2026-01-07 17:18:06 [ufc] ERROR: Error parsing row: 'UfcSpider' object has no attribute 'seen_events'
2026-01-07 17:18:06 [ufc] ERROR: Error parsing row: 'UfcSpider' object has no attribute 'seen_events'
2026-01-07 17:18:06 [ufc] ERROR: Error parsing row: 'UfcSpider' object has no attribute 'seen_events'
2026-01-07 17:18:06 [ufc] ERROR: Error parsing row: 'UfcSpider' object has no attribute 'seen_events'
2026-01-07 17:18:06 [ufc] ERROR: Error parsing row: 'UfcSpider' object has no attribute 'seen_events'
2026-01-07 17:18:06 [ufc] ERROR: Error parsing row: 'UfcSpider' object has no attribute 'seen_events'
2026-01-07 17:18:06 [ufc] ERROR: Error parsing row: 'UfcSpider' object has no attribute 'seen_events'
2026-01-07 17:18:06 [ufc] ERROR: Error parsing row: 'UfcSpider' object has no attribute 'seen_events'
2026-01-07 17:18:06 [ufc] ERROR: Error parsing row: 'UfcSpider' object has no attribute 'seen_events'
2026-01-07 17:18:06 [ufc] ERROR: Error parsing row: 'UfcSpider' object has no attribute 'seen_events'
2026-01-07 17:18:06 [ufc] ERROR: Error parsing row: 'UfcSpider' object has no attribute 'seen_events'
2026-01-07 17:18:06 [ufc] ERROR: Error parsing row: 'UfcSpider' object has no attribute 'seen_events'
2026-01-07 17:18:06 [ufc] ERROR: Error parsing row: 'UfcSpider' object has no attribute 'seen_events'
2026-01-07 17:18:06 [ufc] ERROR: Error parsing row: 'UfcSpider' object has no attribute 'seen_events'
2026-01-07 17:18:06 [ufc] ERROR: Error parsing row: 'UfcSpider' object has no attribute 'seen_events'
2026-01-07 17:18:06 [ufc] ERROR: Error parsing row: 'UfcSpider' object has no attribute 'seen_events'
2026-01-07 17:18:06 [ufc] ERROR: Error parsing row: 'UfcSpider' object has no attribute 'seen_events'
2026-01-07 17:18:06 [ufc] ERROR: Error parsing row: 'UfcSpider' object has no attribute 'seen_events'
2026-01-07 17:18:06 [ufc] ERROR: Error parsing row: 'UfcSpider' object has no attribute 'seen_events'
2026-01-07 17:18:06 [ufc] ERROR: Error parsing row: 'UfcSpider' object has no attribute 'seen_events'
2026-01-07 17:18:06 [ufc] ERROR: Error parsing row: 'UfcSpider' object has no attribute 'seen_events'
2026-01-07 17:18:06 [ufc] ERROR: Error parsing row: 'UfcSpider' object has no attribute 'seen_events'
2026-01-07 17:18:06 [ufc] ERROR: Error parsing row: 'UfcSpider' object has no attribute 'seen_events'
2026-01-07 17:18:06 [ufc] ERROR: Error parsing row: 'UfcSpider' object has no attribute 'seen_events'
2026-01-07 17:18:06 [ufc] ERROR: Error parsing row: 'UfcSpider' object has no attribute 'seen_events'
2026-01-07 17:18:06 [ufc] ERROR: Error parsing row: 'UfcSpider' object has no attribute 'seen_events'
2026-01-07 17:18:06 [ufc] ERROR: Error parsing row: 'UfcSpider' object has no attribute 'seen_events'
2026-01-07 17:18:06 [ufc] ERROR: Error parsing row: 'UfcSpider' object has no attribute 'seen_events'
2026-01-07 17:18:06 [ufc] ERROR: Error parsing row: 'UfcSpider' object has no attribute 'seen_events'
2026-01-07 17:18:06 [ufc] ERROR: Error parsing row: 'UfcSpider' object has no attribute 'seen_events'
2026-01-07 17:18:06 [ufc] ERROR: Error parsing row: 'UfcSpider' object has no attribute 'seen_events'
2026-01-07 17:18:06 [ufc] ERROR: Error parsing row: 'UfcSpider' object has no attribute 'seen_events'
2026-01-07 17:18:06 [ufc] ERROR: Error parsing row: 'UfcSpider' object has no attribute 'seen_events'
2026-01-07 17:18:06 [ufc] ERROR: Error parsing row: 'UfcSpider' object has no attribute 'seen_events'
2026-01-07 17:18:06 [ufc] ERROR: Error parsing row: 'UfcSpider' object has no attribute 'seen_events'
2026-01-07 17:18:06 [ufc] ERROR: Error parsing row: 'UfcSpider' object has no attribute 'seen_events'
2026-01-07 17:18:06 [ufc] ERROR: Error parsing row: 'UfcSpider' object has no attribute 'seen_events'
2026-01-07 17:18:06 [ufc] ERROR: Error parsing row: 'UfcSpider' object has no attribute 'seen_events'
2026-01-07 17:18:06 [ufc] ERROR: Error parsing row: 'UfcSpider' object has no attribute 'seen_events'
2026-01-07 17:18:06 [ufc] ERROR: Error parsing row: 'UfcSpider' object has no attribute 'seen_events'
2026-01-07 17:18:06 [ufc] ERROR: Error parsing row: 'UfcSpider' object has no attribute 'seen_events'
2026-01-07 17:18:06 [ufc] ERROR: Error parsing row: 'UfcSpider' object has no attribute 'seen_events'
2026-01-07 17:18:06 [ufc] ERROR: Error parsing row: 'UfcSpider' object has no attribute 'seen_events'
2026-01-07 17:18:06 [ufc] ERROR: Error parsing row: 'UfcSpider' object has no attribute 'seen_events'
2026-01-07 17:18:06 [ufc] ERROR: Error parsing row: 'UfcSpider' object has no attribute 'seen_events'
2026-01-07 17:18:06 [ufc] ERROR: Error parsing row: 'UfcSpider' object has no attribute 'seen_events'
2026-01-07 17:18:06 [ufc] ERROR: Error parsing row: 'UfcSpider' object has no attribute 'seen_events'
2026-01-07 17:18:06 [ufc] ERROR: Error parsing row: 'UfcSpider' object has no attribute 'seen_events'
2026-01-07 17:18:06 [ufc] ERROR: Error parsing row: 'UfcSpider' object has no attribute 'seen_events'
2026-01-07 17:18:06 [ufc] ERROR: Error parsing row: 'UfcSpider' object has no attribute 'seen_events'
2026-01-07 17:18:06 [ufc] ERROR: Error parsing row: 'UfcSpider' object has no attribute 'seen_events'
2026-01-07 17:18:06 [ufc] ERROR: Error parsing row: 'UfcSpider' object has no attribute 'seen_events'
2026-01-07 17:18:06 [ufc] ERROR: Error parsing row: 'UfcSpider' object has no attribute 'seen_events'
2026-01-07 17:18:06 [ufc] ERROR: Error parsing row: 'UfcSpider' object has no attribute 'seen_events'
2026-01-07 17:18:06 [ufc] ERROR: Error parsing row: 'UfcSpider' object has no attribute 'seen_events'
2026-01-07 17:18:06 [ufc] ERROR: Error parsing row: 'UfcSpider' object has no attribute 'seen_events'
2026-01-07 17:18:06 [ufc] ERROR: Error parsing row: 'UfcSpider' object has no attribute 'seen_events'
2026-01-07 17:18:06 [ufc] ERROR: Error parsing row: 'UfcSpider' object has no attribute 'seen_events'
2026-01-07 17:18:06 [ufc] ERROR: Error parsing row: 'UfcSpider' object has no attribute 'seen_events'
2026-01-07 17:18:06 [ufc] ERROR: Error parsing row: 'UfcSpider' object has no attribute 'seen_events'
2026-01-07 17:18:06 [ufc] ERROR: Error parsing row: 'UfcSpider' object has no attribute 'seen_events'
2026-01-07 17:18:06 [ufc] ERROR: Error parsing row: 'UfcSpider' object has no attribute 'seen_events'
2026-01-07 17:18:06 [ufc] ERROR: Error parsing row: 'UfcSpider' object has no attribute 'seen_events'
2026-01-07 17:18:06 [ufc] ERROR: Error parsing row: 'UfcSpider' object has no attribute 'seen_events'
2026-01-07 17:18:06 [ufc] ERROR: Error parsing row: 'UfcSpider' object has no attribute 'seen_events'
2026-01-07 17:18:06 [ufc] ERROR: Error parsing row: 'UfcSpider' object has no attribute 'seen_events'
2026-01-07 17:18:06 [ufc] ERROR: Error parsing row: 'UfcSpider' object has no attribute 'seen_events'
2026-01-07 17:18:06 [ufc] ERROR: Error parsing row: 'UfcSpider' object has no attribute 'seen_events'
2026-01-07 17:18:06 [ufc] ERROR: Error parsing row: 'UfcSpider' object has no attribute 'seen_events'
2026-01-07 17:18:06 [ufc] ERROR: Error parsing row: 'UfcSpider' object has no attribute 'seen_events'
2026-01-07 17:18:06 [ufc] ERROR: Error parsing row: 'UfcSpider' object has no attribute 'seen_events'
2026-01-07 17:18:06 [ufc] ERROR: Error parsing row: 'UfcSpider' object has no attribute 'seen_events'
2026-01-07 17:18:06 [ufc] ERROR: Error parsing row: 'UfcSpider' object has no attribute 'seen_events'
2026-01-07 17:18:06 [ufc] ERROR: Error parsing row: 'UfcSpider' object has no attribute 'seen_events'
2026-01-07 17:18:06 [ufc] ERROR: Error parsing row: 'UfcSpider' object has no attribute 'seen_events'
2026-01-07 17:18:06 [ufc] ERROR: Error parsing row: 'UfcSpider' object has no attribute 'seen_events'
2026-01-07 17:18:06 [ufc] ERROR: Error parsing row: 'UfcSpider' object has no attribute 'seen_events'
2026-01-07 17:18:06 [ufc] ERROR: Error parsing row: 'UfcSpider' object has no attribute 'seen_events'
2026-01-07 17:18:06 [ufc] ERROR: Error parsing row: 'UfcSpider' object has no attribute 'seen_events'
2026-01-07 17:18:06 [ufc] ERROR: Error parsing row: 'UfcSpider' object has no attribute 'seen_events'
2026-01-07 17:18:06 [ufc] ERROR: Error parsing row: 'UfcSpider' object has no attribute 'seen_events'
2026-01-07 17:18:06 [ufc] ERROR: Error parsing row: 'UfcSpider' object has no attribute 'seen_events'
2026-01-07 17:18:06 [ufc] ERROR: Error parsing row: 'UfcSpider' object has no attribute 'seen_events'
2026-01-07 17:18:06 [ufc] ERROR: Error parsing row: 'UfcSpider' object has no attribute 'seen_events'
2026-01-07 17:18:06 [ufc] ERROR: Error parsing row: 'UfcSpider' object has no attribute 'seen_events'
2026-01-07 17:18:06 [ufc] ERROR: Error parsing row: 'UfcSpider' object has no attribute 'seen_events'
2026-01-07 17:18:06 [ufc] ERROR: Error parsing row: 'UfcSpider' object has no attribute 'seen_events'
2026-01-07 17:18:06 [ufc] ERROR: Error parsing row: 'UfcSpider' object has no attribute 'seen_events'
2026-01-07 17:18:06 [ufc] ERROR: Error parsing row: 'UfcSpider' object has no attribute 'seen_events'
2026-01-07 17:18:06 [scrapy.core.engine] INFO: Closing spider (finished)
2026-01-07 17:18:06 [scrapy.statscollectors] INFO: Dumping Scrapy stats:
{'downloader/request_bytes': 480,
 'downloader/request_count': 2,
 'downloader/request_method_count/GET': 2,
 'downloader/response_bytes': 36072,
 'downloader/response_count': 2,
 'downloader/response_status_count/200': 1,
 'downloader/response_status_count/404': 1,
 'elapsed_time_seconds': 0.755652,
 'finish_reason': 'finished',
 'finish_time': datetime.datetime(2026, 1, 8, 1, 18, 6, 769083, tzinfo=datetime.timezone.utc),
 'httpcompression/response_bytes': 607236,
 'httpcompression/response_count': 1,
 'items_per_minute': None,
 'log_count/ERROR': 725,
 'log_count/INFO': 10,
 'log_count/WARNING': 1,
 'memusage/max': 75759616,
 'memusage/startup': 75759616,
 'response_received_count': 2,
 'responses_per_minute': None,
 'robotstxt/request_count': 1,
 'robotstxt/response_count': 1,
 'robotstxt/response_status_count/404': 1,
 'scheduler/dequeued': 1,
 'scheduler/dequeued/memory': 1,
 'scheduler/enqueued': 1,
 'scheduler/enqueued/memory': 1,
 'start_time': datetime.datetime(2026, 1, 8, 1, 18, 6, 13431, tzinfo=datetime.timezone.utc)}
2026-01-07 17:18:06 [scrapy.core.engine] INFO: Spider closed (finished)
